1577845930751	mozrunner::runner	INFO	Running command: "/Applications/Firefox.app/Contents/MacOS/firefox-bin" "-marionette" "-foreground" "-no-remote" "-profile" "/var/folders/tp/7f4wx3gj5xg9t_h4_2l4ybz80000gn/T/rust_mozprofileb0Ytp8"
1577845931263	addons.webextension.screenshots@mozilla.org	WARN	Loading extension 'screenshots@mozilla.org': Reading manifest: Invalid extension permission: mozillaAddons
1577845931263	addons.webextension.screenshots@mozilla.org	WARN	Loading extension 'screenshots@mozilla.org': Reading manifest: Invalid extension permission: telemetry
1577845931263	addons.webextension.screenshots@mozilla.org	WARN	Loading extension 'screenshots@mozilla.org': Reading manifest: Invalid extension permission: resource://pdf.js/
1577845931263	addons.webextension.screenshots@mozilla.org	WARN	Loading extension 'screenshots@mozilla.org': Reading manifest: Invalid extension permission: about:reader*
1577845932763	Marionette	INFO	Listening on port 56623
1577845932818	Marionette	WARN	TLS certificate errors will be ignored for this session
JavaScript error: https://stackpath.bootstrapcdn.com/bootstrap/4.3.1/js/bootstrap.min.js, line 6: TypeError: g is undefined
1577845935491	Marionette	INFO	Stopped listening on port 56623
1577845945811	mozrunner::runner	INFO	Running command: "/Applications/Firefox.app/Contents/MacOS/firefox-bin" "-marionette" "-foreground" "-no-remote" "-profile" "/var/folders/tp/7f4wx3gj5xg9t_h4_2l4ybz80000gn/T/rust_mozprofileMS3jvx"
1577845946264	addons.webextension.screenshots@mozilla.org	WARN	Loading extension 'screenshots@mozilla.org': Reading manifest: Invalid extension permission: mozillaAddons
1577845946264	addons.webextension.screenshots@mozilla.org	WARN	Loading extension 'screenshots@mozilla.org': Reading manifest: Invalid extension permission: telemetry
1577845946264	addons.webextension.screenshots@mozilla.org	WARN	Loading extension 'screenshots@mozilla.org': Reading manifest: Invalid extension permission: resource://pdf.js/
1577845946264	addons.webextension.screenshots@mozilla.org	WARN	Loading extension 'screenshots@mozilla.org': Reading manifest: Invalid extension permission: about:reader*
1577845947751	Marionette	INFO	Listening on port 56689
1577845947778	Marionette	WARN	TLS certificate errors will be ignored for this session
JavaScript error: https://stackpath.bootstrapcdn.com/bootstrap/4.3.1/js/bootstrap.min.js, line 6: TypeError: g is undefined
1577845949353	Marionette	INFO	Stopped listening on port 56689
1577845958664	mozrunner::runner	INFO	Running command: "/Applications/Firefox.app/Contents/MacOS/firefox-bin" "-marionette" "-foreground" "-no-remote" "-profile" "/var/folders/tp/7f4wx3gj5xg9t_h4_2l4ybz80000gn/T/rust_mozprofileaneymb"
1577845959258	addons.webextension.screenshots@mozilla.org	WARN	Loading extension 'screenshots@mozilla.org': Reading manifest: Invalid extension permission: mozillaAddons
1577845959259	addons.webextension.screenshots@mozilla.org	WARN	Loading extension 'screenshots@mozilla.org': Reading manifest: Invalid extension permission: telemetry
1577845959259	addons.webextension.screenshots@mozilla.org	WARN	Loading extension 'screenshots@mozilla.org': Reading manifest: Invalid extension permission: resource://pdf.js/
1577845959259	addons.webextension.screenshots@mozilla.org	WARN	Loading extension 'screenshots@mozilla.org': Reading manifest: Invalid extension permission: about:reader*
1577845960764	Marionette	INFO	Listening on port 56742
1577845960822	Marionette	WARN	TLS certificate errors will be ignored for this session
JavaScript error: https://stackpath.bootstrapcdn.com/bootstrap/4.3.1/js/bootstrap.min.js, line 6: TypeError: g is undefined
1577845962432	Marionette	INFO	Stopped listening on port 56742
1577846656460	mozrunner::runner	INFO	Running command: "/Applications/Firefox.app/Contents/MacOS/firefox-bin" "-marionette" "-foreground" "-no-remote" "-profile" "/var/folders/tp/7f4wx3gj5xg9t_h4_2l4ybz80000gn/T/rust_mozprofileB6Pn9B"
1577846656963	addons.webextension.screenshots@mozilla.org	WARN	Loading extension 'screenshots@mozilla.org': Reading manifest: Invalid extension permission: mozillaAddons
1577846656963	addons.webextension.screenshots@mozilla.org	WARN	Loading extension 'screenshots@mozilla.org': Reading manifest: Invalid extension permission: telemetry
1577846656964	addons.webextension.screenshots@mozilla.org	WARN	Loading extension 'screenshots@mozilla.org': Reading manifest: Invalid extension permission: resource://pdf.js/
1577846656964	addons.webextension.screenshots@mozilla.org	WARN	Loading extension 'screenshots@mozilla.org': Reading manifest: Invalid extension permission: about:reader*
1577846658446	Marionette	INFO	Listening on port 56927
1577846658508	Marionette	WARN	TLS certificate errors will be ignored for this session
JavaScript error: https://stackpath.bootstrapcdn.com/bootstrap/4.3.1/js/bootstrap.min.js, line 6: TypeError: g is undefined
1577846660884	Marionette	INFO	Stopped listening on port 56927
1577847885350	mozrunner::runner	INFO	Running command: "/Applications/Firefox.app/Contents/MacOS/firefox-bin" "-marionette" "-foreground" "-no-remote" "-profile" "/var/folders/tp/7f4wx3gj5xg9t_h4_2l4ybz80000gn/T/rust_mozprofileDakTQM"
1577847885926	addons.webextension.screenshots@mozilla.org	WARN	Loading extension 'screenshots@mozilla.org': Reading manifest: Invalid extension permission: mozillaAddons
1577847885926	addons.webextension.screenshots@mozilla.org	WARN	Loading extension 'screenshots@mozilla.org': Reading manifest: Invalid extension permission: telemetry
1577847885926	addons.webextension.screenshots@mozilla.org	WARN	Loading extension 'screenshots@mozilla.org': Reading manifest: Invalid extension permission: resource://pdf.js/
1577847885926	addons.webextension.screenshots@mozilla.org	WARN	Loading extension 'screenshots@mozilla.org': Reading manifest: Invalid extension permission: about:reader*
1577847887521	Marionette	INFO	Listening on port 59374
1577847887615	Marionette	WARN	TLS certificate errors will be ignored for this session
JavaScript error: https://stackpath.bootstrapcdn.com/bootstrap/4.3.1/js/bootstrap.min.js, line 6: TypeError: g is undefined
1577847889881	Marionette	INFO	Stopped listening on port 59374
1577847941826	mozrunner::runner	INFO	Running command: "/Applications/Firefox.app/Contents/MacOS/firefox-bin" "-marionette" "-foreground" "-no-remote" "-profile" "/var/folders/tp/7f4wx3gj5xg9t_h4_2l4ybz80000gn/T/rust_mozprofileVOlMTW"
1577847942322	addons.webextension.screenshots@mozilla.org	WARN	Loading extension 'screenshots@mozilla.org': Reading manifest: Invalid extension permission: mozillaAddons
1577847942322	addons.webextension.screenshots@mozilla.org	WARN	Loading extension 'screenshots@mozilla.org': Reading manifest: Invalid extension permission: telemetry
1577847942322	addons.webextension.screenshots@mozilla.org	WARN	Loading extension 'screenshots@mozilla.org': Reading manifest: Invalid extension permission: resource://pdf.js/
1577847942322	addons.webextension.screenshots@mozilla.org	WARN	Loading extension 'screenshots@mozilla.org': Reading manifest: Invalid extension permission: about:reader*
1577847943865	Marionette	INFO	Listening on port 59445
1577847943881	Marionette	WARN	TLS certificate errors will be ignored for this session
JavaScript error: https://stackpath.bootstrapcdn.com/bootstrap/4.3.1/js/bootstrap.min.js, line 6: TypeError: g is undefined
1577847946827	Marionette	INFO	Stopped listening on port 59445
1577847956228	mozrunner::runner	INFO	Running command: "/Applications/Firefox.app/Contents/MacOS/firefox-bin" "-marionette" "-foreground" "-no-remote" "-profile" "/var/folders/tp/7f4wx3gj5xg9t_h4_2l4ybz80000gn/T/rust_mozprofilegOA9ng"
1577847956807	addons.webextension.screenshots@mozilla.org	WARN	Loading extension 'screenshots@mozilla.org': Reading manifest: Invalid extension permission: mozillaAddons
1577847956807	addons.webextension.screenshots@mozilla.org	WARN	Loading extension 'screenshots@mozilla.org': Reading manifest: Invalid extension permission: telemetry
1577847956807	addons.webextension.screenshots@mozilla.org	WARN	Loading extension 'screenshots@mozilla.org': Reading manifest: Invalid extension permission: resource://pdf.js/
1577847956808	addons.webextension.screenshots@mozilla.org	WARN	Loading extension 'screenshots@mozilla.org': Reading manifest: Invalid extension permission: about:reader*
1577847958853	Marionette	INFO	Listening on port 59499
1577847958900	Marionette	WARN	TLS certificate errors will be ignored for this session
JavaScript error: https://stackpath.bootstrapcdn.com/bootstrap/4.3.1/js/bootstrap.min.js, line 6: TypeError: g is undefined
1577847961456	Marionette	INFO	Stopped listening on port 59499
1577847971136	mozrunner::runner	INFO	Running command: "/Applications/Firefox.app/Contents/MacOS/firefox-bin" "-marionette" "-foreground" "-no-remote" "-profile" "/var/folders/tp/7f4wx3gj5xg9t_h4_2l4ybz80000gn/T/rust_mozprofile0iViIk"
1577847971669	addons.webextension.screenshots@mozilla.org	WARN	Loading extension 'screenshots@mozilla.org': Reading manifest: Invalid extension permission: mozillaAddons
1577847971669	addons.webextension.screenshots@mozilla.org	WARN	Loading extension 'screenshots@mozilla.org': Reading manifest: Invalid extension permission: telemetry
1577847971669	addons.webextension.screenshots@mozilla.org	WARN	Loading extension 'screenshots@mozilla.org': Reading manifest: Invalid extension permission: resource://pdf.js/
1577847971669	addons.webextension.screenshots@mozilla.org	WARN	Loading extension 'screenshots@mozilla.org': Reading manifest: Invalid extension permission: about:reader*
1577847973216	Marionette	INFO	Listening on port 59589
1577847973315	Marionette	WARN	TLS certificate errors will be ignored for this session
JavaScript error: https://stackpath.bootstrapcdn.com/bootstrap/4.3.1/js/bootstrap.min.js, line 6: TypeError: g is undefined
1577847974925	Marionette	INFO	Stopped listening on port 59589
1577848269417	mozrunner::runner	INFO	Running command: "/Applications/Firefox.app/Contents/MacOS/firefox-bin" "-marionette" "-foreground" "-no-remote" "-profile" "/var/folders/tp/7f4wx3gj5xg9t_h4_2l4ybz80000gn/T/rust_mozprofileiuAvdL"
1577848269939	addons.webextension.screenshots@mozilla.org	WARN	Loading extension 'screenshots@mozilla.org': Reading manifest: Invalid extension permission: mozillaAddons
1577848269939	addons.webextension.screenshots@mozilla.org	WARN	Loading extension 'screenshots@mozilla.org': Reading manifest: Invalid extension permission: telemetry
1577848269939	addons.webextension.screenshots@mozilla.org	WARN	Loading extension 'screenshots@mozilla.org': Reading manifest: Invalid extension permission: resource://pdf.js/
1577848269940	addons.webextension.screenshots@mozilla.org	WARN	Loading extension 'screenshots@mozilla.org': Reading manifest: Invalid extension permission: about:reader*
1577848378273	mozrunner::runner	INFO	Running command: "/Applications/Firefox.app/Contents/MacOS/firefox-bin" "-marionette" "-foreground" "-no-remote" "-profile" "/var/folders/tp/7f4wx3gj5xg9t_h4_2l4ybz80000gn/T/rust_mozprofile2Ijnns"
1577848378820	addons.webextension.screenshots@mozilla.org	WARN	Loading extension 'screenshots@mozilla.org': Reading manifest: Invalid extension permission: mozillaAddons
1577848378820	addons.webextension.screenshots@mozilla.org	WARN	Loading extension 'screenshots@mozilla.org': Reading manifest: Invalid extension permission: telemetry
1577848378820	addons.webextension.screenshots@mozilla.org	WARN	Loading extension 'screenshots@mozilla.org': Reading manifest: Invalid extension permission: resource://pdf.js/
1577848378820	addons.webextension.screenshots@mozilla.org	WARN	Loading extension 'screenshots@mozilla.org': Reading manifest: Invalid extension permission: about:reader*
1577848380413	Marionette	INFO	Listening on port 60412
1577848380438	Marionette	WARN	TLS certificate errors will be ignored for this session
JavaScript error: https://stackpath.bootstrapcdn.com/bootstrap/4.3.1/js/bootstrap.min.js, line 6: TypeError: g is undefined
1577848382933	Marionette	INFO	Stopped listening on port 60412
1577864142477	mozrunner::runner	INFO	Running command: "/Applications/Firefox.app/Contents/MacOS/firefox-bin" "-marionette" "-foreground" "-no-remote" "-profile" "/var/folders/tp/7f4wx3gj5xg9t_h4_2l4ybz80000gn/T/rust_mozprofile7IeSUL"
1577864143041	addons.webextension.screenshots@mozilla.org	WARN	Loading extension 'screenshots@mozilla.org': Reading manifest: Invalid extension permission: mozillaAddons
1577864143041	addons.webextension.screenshots@mozilla.org	WARN	Loading extension 'screenshots@mozilla.org': Reading manifest: Invalid extension permission: telemetry
1577864143041	addons.webextension.screenshots@mozilla.org	WARN	Loading extension 'screenshots@mozilla.org': Reading manifest: Invalid extension permission: resource://pdf.js/
1577864143041	addons.webextension.screenshots@mozilla.org	WARN	Loading extension 'screenshots@mozilla.org': Reading manifest: Invalid extension permission: about:reader*
1577864144604	Marionette	INFO	Listening on port 56054
1577864144648	Marionette	WARN	TLS certificate errors will be ignored for this session
JavaScript error: https://stackpath.bootstrapcdn.com/bootstrap/4.3.1/js/bootstrap.min.js, line 6: TypeError: g is undefined
1577864146949	Marionette	INFO	Stopped listening on port 56054
1577864156592	mozrunner::runner	INFO	Running command: "/Applications/Firefox.app/Contents/MacOS/firefox-bin" "-marionette" "-foreground" "-no-remote" "-profile" "/var/folders/tp/7f4wx3gj5xg9t_h4_2l4ybz80000gn/T/rust_mozprofileB4LPQ4"
1577864157071	addons.webextension.screenshots@mozilla.org	WARN	Loading extension 'screenshots@mozilla.org': Reading manifest: Invalid extension permission: mozillaAddons
1577864157071	addons.webextension.screenshots@mozilla.org	WARN	Loading extension 'screenshots@mozilla.org': Reading manifest: Invalid extension permission: telemetry
1577864157072	addons.webextension.screenshots@mozilla.org	WARN	Loading extension 'screenshots@mozilla.org': Reading manifest: Invalid extension permission: resource://pdf.js/
1577864157072	addons.webextension.screenshots@mozilla.org	WARN	Loading extension 'screenshots@mozilla.org': Reading manifest: Invalid extension permission: about:reader*
1577864158555	Marionette	INFO	Listening on port 56125
1577864158661	Marionette	WARN	TLS certificate errors will be ignored for this session
1577864159793	Marionette	INFO	Stopped listening on port 56125
1577864170266	mozrunner::runner	INFO	Running command: "/Applications/Firefox.app/Contents/MacOS/firefox-bin" "-marionette" "-foreground" "-no-remote" "-profile" "/var/folders/tp/7f4wx3gj5xg9t_h4_2l4ybz80000gn/T/rust_mozprofile0vDMBK"
1577864170798	addons.webextension.screenshots@mozilla.org	WARN	Loading extension 'screenshots@mozilla.org': Reading manifest: Invalid extension permission: mozillaAddons
1577864170798	addons.webextension.screenshots@mozilla.org	WARN	Loading extension 'screenshots@mozilla.org': Reading manifest: Invalid extension permission: telemetry
1577864170798	addons.webextension.screenshots@mozilla.org	WARN	Loading extension 'screenshots@mozilla.org': Reading manifest: Invalid extension permission: resource://pdf.js/
1577864170798	addons.webextension.screenshots@mozilla.org	WARN	Loading extension 'screenshots@mozilla.org': Reading manifest: Invalid extension permission: about:reader*
1577864172384	Marionette	INFO	Listening on port 56180
1577864172428	Marionette	WARN	TLS certificate errors will be ignored for this session
1577864172527	Marionette	INFO	Stopped listening on port 56180
JavaScript error: resource://gre/modules/XULStore.jsm, line 66: Error: Can't find profile directory.
1577864564206	mozrunner::runner	INFO	Running command: "/Applications/Firefox.app/Contents/MacOS/firefox-bin" "-marionette" "-foreground" "-no-remote" "-profile" "/var/folders/tp/7f4wx3gj5xg9t_h4_2l4ybz80000gn/T/rust_mozprofilepts57K"
1577864564777	addons.webextension.screenshots@mozilla.org	WARN	Loading extension 'screenshots@mozilla.org': Reading manifest: Invalid extension permission: mozillaAddons
1577864564777	addons.webextension.screenshots@mozilla.org	WARN	Loading extension 'screenshots@mozilla.org': Reading manifest: Invalid extension permission: telemetry
1577864564777	addons.webextension.screenshots@mozilla.org	WARN	Loading extension 'screenshots@mozilla.org': Reading manifest: Invalid extension permission: resource://pdf.js/
1577864564777	addons.webextension.screenshots@mozilla.org	WARN	Loading extension 'screenshots@mozilla.org': Reading manifest: Invalid extension permission: about:reader*
1577864566333	Marionette	INFO	Listening on port 56976
1577864566374	Marionette	WARN	TLS certificate errors will be ignored for this session
1577864566480	Marionette	INFO	Stopped listening on port 56976
JavaScript error: resource://gre/modules/XULStore.jsm, line 66: Error: Can't find profile directory.
1577864576706	mozrunner::runner	INFO	Running command: "/Applications/Firefox.app/Contents/MacOS/firefox-bin" "-marionette" "-foreground" "-no-remote" "-profile" "/var/folders/tp/7f4wx3gj5xg9t_h4_2l4ybz80000gn/T/rust_mozprofileIW5d7Z"
1577864577193	addons.webextension.screenshots@mozilla.org	WARN	Loading extension 'screenshots@mozilla.org': Reading manifest: Invalid extension permission: mozillaAddons
1577864577193	addons.webextension.screenshots@mozilla.org	WARN	Loading extension 'screenshots@mozilla.org': Reading manifest: Invalid extension permission: telemetry
1577864577193	addons.webextension.screenshots@mozilla.org	WARN	Loading extension 'screenshots@mozilla.org': Reading manifest: Invalid extension permission: resource://pdf.js/
1577864577193	addons.webextension.screenshots@mozilla.org	WARN	Loading extension 'screenshots@mozilla.org': Reading manifest: Invalid extension permission: about:reader*
1577864578710	Marionette	INFO	Listening on port 57019
1577864578782	Marionette	WARN	TLS certificate errors will be ignored for this session
1577864579010	Marionette	INFO	Stopped listening on port 57019
JavaScript error: resource://gre/modules/XULStore.jsm, line 66: Error: Can't find profile directory.
1577864606373	mozrunner::runner	INFO	Running command: "/Applications/Firefox.app/Contents/MacOS/firefox-bin" "-marionette" "-foreground" "-no-remote" "-profile" "/var/folders/tp/7f4wx3gj5xg9t_h4_2l4ybz80000gn/T/rust_mozprofileu2iuKq"
1577864606868	addons.webextension.screenshots@mozilla.org	WARN	Loading extension 'screenshots@mozilla.org': Reading manifest: Invalid extension permission: mozillaAddons
1577864606869	addons.webextension.screenshots@mozilla.org	WARN	Loading extension 'screenshots@mozilla.org': Reading manifest: Invalid extension permission: telemetry
1577864606869	addons.webextension.screenshots@mozilla.org	WARN	Loading extension 'screenshots@mozilla.org': Reading manifest: Invalid extension permission: resource://pdf.js/
1577864606869	addons.webextension.screenshots@mozilla.org	WARN	Loading extension 'screenshots@mozilla.org': Reading manifest: Invalid extension permission: about:reader*
1577864608461	Marionette	INFO	Listening on port 57093
1577864608544	Marionette	WARN	TLS certificate errors will be ignored for this session
JavaScript error: https://stackpath.bootstrapcdn.com/bootstrap/4.3.1/js/bootstrap.min.js, line 6: TypeError: g is undefined
1577864610208	Marionette	INFO	Stopped listening on port 57093
1577864622047	mozrunner::runner	INFO	Running command: "/Applications/Firefox.app/Contents/MacOS/firefox-bin" "-marionette" "-foreground" "-no-remote" "-profile" "/var/folders/tp/7f4wx3gj5xg9t_h4_2l4ybz80000gn/T/rust_mozprofilelEHD4y"
1577864622550	addons.webextension.screenshots@mozilla.org	WARN	Loading extension 'screenshots@mozilla.org': Reading manifest: Invalid extension permission: mozillaAddons
1577864622550	addons.webextension.screenshots@mozilla.org	WARN	Loading extension 'screenshots@mozilla.org': Reading manifest: Invalid extension permission: telemetry
1577864622550	addons.webextension.screenshots@mozilla.org	WARN	Loading extension 'screenshots@mozilla.org': Reading manifest: Invalid extension permission: resource://pdf.js/
1577864622550	addons.webextension.screenshots@mozilla.org	WARN	Loading extension 'screenshots@mozilla.org': Reading manifest: Invalid extension permission: about:reader*
1577864624115	Marionette	INFO	Listening on port 57169
1577864624204	Marionette	WARN	TLS certificate errors will be ignored for this session
1577864625342	Marionette	INFO	Stopped listening on port 57169
1577864959908	mozrunner::runner	INFO	Running command: "/Applications/Firefox.app/Contents/MacOS/firefox-bin" "-marionette" "-foreground" "-no-remote" "-profile" "/var/folders/tp/7f4wx3gj5xg9t_h4_2l4ybz80000gn/T/rust_mozprofilebp38IZ"
1577864960462	addons.webextension.screenshots@mozilla.org	WARN	Loading extension 'screenshots@mozilla.org': Reading manifest: Invalid extension permission: mozillaAddons
1577864960462	addons.webextension.screenshots@mozilla.org	WARN	Loading extension 'screenshots@mozilla.org': Reading manifest: Invalid extension permission: telemetry
1577864960462	addons.webextension.screenshots@mozilla.org	WARN	Loading extension 'screenshots@mozilla.org': Reading manifest: Invalid extension permission: resource://pdf.js/
1577864960462	addons.webextension.screenshots@mozilla.org	WARN	Loading extension 'screenshots@mozilla.org': Reading manifest: Invalid extension permission: about:reader*
1577864961998	Marionette	INFO	Listening on port 57530
1577864962064	Marionette	WARN	TLS certificate errors will be ignored for this session
JavaScript error: https://stackpath.bootstrapcdn.com/bootstrap/4.3.1/js/bootstrap.min.js, line 6: TypeError: g is undefined
1577864964460	Marionette	INFO	Stopped listening on port 57530
1577864974180	mozrunner::runner	INFO	Running command: "/Applications/Firefox.app/Contents/MacOS/firefox-bin" "-marionette" "-foreground" "-no-remote" "-profile" "/var/folders/tp/7f4wx3gj5xg9t_h4_2l4ybz80000gn/T/rust_mozprofilenjppYc"
1577864974672	addons.webextension.screenshots@mozilla.org	WARN	Loading extension 'screenshots@mozilla.org': Reading manifest: Invalid extension permission: mozillaAddons
1577864974672	addons.webextension.screenshots@mozilla.org	WARN	Loading extension 'screenshots@mozilla.org': Reading manifest: Invalid extension permission: telemetry
1577864974672	addons.webextension.screenshots@mozilla.org	WARN	Loading extension 'screenshots@mozilla.org': Reading manifest: Invalid extension permission: resource://pdf.js/
1577864974672	addons.webextension.screenshots@mozilla.org	WARN	Loading extension 'screenshots@mozilla.org': Reading manifest: Invalid extension permission: about:reader*
1577864976180	Marionette	INFO	Listening on port 57593
1577864976253	Marionette	WARN	TLS certificate errors will be ignored for this session
JavaScript error: https://stackpath.bootstrapcdn.com/bootstrap/4.3.1/js/bootstrap.min.js, line 6: TypeError: g is undefined
1577864976884	Marionette	INFO	Stopped listening on port 57593
1577865246431	mozrunner::runner	INFO	Running command: "/Applications/Firefox.app/Contents/MacOS/firefox-bin" "-marionette" "-foreground" "-no-remote" "-profile" "/var/folders/tp/7f4wx3gj5xg9t_h4_2l4ybz80000gn/T/rust_mozprofilevd7UKJ"
1577865246987	addons.webextension.screenshots@mozilla.org	WARN	Loading extension 'screenshots@mozilla.org': Reading manifest: Invalid extension permission: mozillaAddons
1577865246988	addons.webextension.screenshots@mozilla.org	WARN	Loading extension 'screenshots@mozilla.org': Reading manifest: Invalid extension permission: telemetry
1577865246988	addons.webextension.screenshots@mozilla.org	WARN	Loading extension 'screenshots@mozilla.org': Reading manifest: Invalid extension permission: resource://pdf.js/
1577865246988	addons.webextension.screenshots@mozilla.org	WARN	Loading extension 'screenshots@mozilla.org': Reading manifest: Invalid extension permission: about:reader*
1577865248532	Marionette	INFO	Listening on port 57956
1577865248600	Marionette	WARN	TLS certificate errors will be ignored for this session
JavaScript error: https://stackpath.bootstrapcdn.com/bootstrap/4.3.1/js/bootstrap.min.js, line 6: TypeError: g is undefined
1577865252025	Marionette	INFO	Stopped listening on port 57956
1577865263677	mozrunner::runner	INFO	Running command: "/Applications/Firefox.app/Contents/MacOS/firefox-bin" "-marionette" "-foreground" "-no-remote" "-profile" "/var/folders/tp/7f4wx3gj5xg9t_h4_2l4ybz80000gn/T/rust_mozprofileL0bRUH"
1577865264149	addons.webextension.screenshots@mozilla.org	WARN	Loading extension 'screenshots@mozilla.org': Reading manifest: Invalid extension permission: mozillaAddons
1577865264149	addons.webextension.screenshots@mozilla.org	WARN	Loading extension 'screenshots@mozilla.org': Reading manifest: Invalid extension permission: telemetry
1577865264150	addons.webextension.screenshots@mozilla.org	WARN	Loading extension 'screenshots@mozilla.org': Reading manifest: Invalid extension permission: resource://pdf.js/
1577865264150	addons.webextension.screenshots@mozilla.org	WARN	Loading extension 'screenshots@mozilla.org': Reading manifest: Invalid extension permission: about:reader*
1577865265668	Marionette	INFO	Listening on port 58022
1577865265748	Marionette	WARN	TLS certificate errors will be ignored for this session
JavaScript error: https://stackpath.bootstrapcdn.com/bootstrap/4.3.1/js/bootstrap.min.js, line 6: TypeError: g is undefined
1577865266362	Marionette	INFO	Stopped listening on port 58022
